make --dry-run --always-make --keep-going --print-directory
make: Entering directory `/Users/jpizarro/Programming/42/minishell/minishell'
gcc -Wall -Werror -Wextra -g -I/Users/jpizarro/.brew/opt/readline/include -c srcs/data_init.c -o srcs/data_init.o
gcc -Wall -Werror -Wextra -g -I/Users/jpizarro/.brew/opt/readline/include -c srcs/env1.c -o srcs/env1.o
 
gcc -Wall -Werror -Wextra -g -I/Users/jpizarro/.brew/opt/readline/include -c srcs/env2.c -o srcs/env2.o
gcc -Wall -Werror -Wextra -g -I/Users/jpizarro/.brew/opt/readline/include -c srcs/exit_shell.c -o srcs/exit_shell.o
gcc -Wall -Werror -Wextra -g -I/Users/jpizarro/.brew/opt/readline/include -c srcs/minishell.c -o srcs/minishell.o
gcc -Wall -Werror -Wextra -g -I/Users/jpizarro/.brew/opt/readline/include -c srcs/quotes.c -o srcs/quotes.o
gcc -Wall -Werror -Wextra -g -I/Users/jpizarro/.brew/opt/readline/include -c srcs/signal.c -o srcs/signal.o
gcc -Wall -Werror -Wextra -g -I/Users/jpizarro/.brew/opt/readline/include -c builtins/builtiner.c -o builtins/builtiner.o
gcc -Wall -Werror -Wextra -g -I/Users/jpizarro/.brew/opt/readline/include -c builtins/env.c -o builtins/env.o
gcc -Wall -Werror -Wextra -g -I/Users/jpizarro/.brew/opt/readline/include -c builtins/export.c -o builtins/export.o
gcc -Wall -Werror -Wextra -g -I/Users/jpizarro/.brew/opt/readline/include -c builtins/pwd.c -o builtins/pwd.o
gcc -Wall -Werror -Wextra -g -I/Users/jpizarro/.brew/opt/readline/include -c builtins/unset.c -o builtins/unset.o
gcc -Wall -Werror -Wextra -g -I/Users/jpizarro/.brew/opt/readline/include -c parse/line_to_cmd.c -o parse/line_to_cmd.o
gcc -Wall -Werror -Wextra -g -I/Users/jpizarro/.brew/opt/readline/include -c parse/parse_files.c -o parse/parse_files.o
gcc -Wall -Werror -Wextra -g -I/Users/jpizarro/.brew/opt/readline/include -c parse/parser.c -o parse/parser.o
 
gcc -Wall -Werror -Wextra -g -I/Users/jpizarro/.brew/opt/readline/include -c parse/tokenizer.c -o parse/tokenizer.o
make -sC ./libft
make -sC ./pipex
 
echo "Creating minishell"
gcc -Wall -Werror -Wextra -g srcs/data_init.o srcs/env1.o srcs/env2.o srcs/exit_shell.o srcs/minishell.o srcs/quotes.o srcs/signal.o builtins/builtiner.o builtins/env.o builtins/export.o builtins/pwd.o builtins/unset.o parse/line_to_cmd.o parse/parse_files.o parse/parser.o parse/tokenizer.o libft/libft.a -lreadline -L/Users/jpizarro/.brew/opt/readline/lib -o minishell
echo "minishell is ready!"
make: Leaving directory `/Users/jpizarro/Programming/42/minishell/minishell'
 
